#
# A fatal error has been detected by the Java Runtime Environment:
#
#  EXCEPTION_ACCESS_VIOLATION (0xc0000005) at pc=0x000000006d9fae7b, pid=1592, tid=2716
#
# JRE version: 6.0_33-b05
# Java VM: Java HotSpot(TM) 64-Bit Server VM (20.8-b03 mixed mode windows-amd64 compressed oops)
# Problematic frame:
# V  [jvm.dll+0x14ae7b]
#
# If you would like to submit a bug report, please visit:
#   http://java.sun.com/webapps/bugreport/crash.jsp
#

---------------  T H R E A D  ---------------

Current thread (0x0000000005fc5000):  JavaThread "JDWP Transport Listener: dt_socket" daemon [_thread_in_vm, id=2716, stack(0x00000000063b0000,0x00000000064b0000)]

siginfo: ExceptionCode=0xc0000005, reading address 0xffffffffffffffff

Registers:
RAX=0x00000000064af901, RBX=0x0000000005fc5000, RCX=0x65003b726f737365, RDX=0x0000000005fc5000
RSP=0x00000000064af960, RBP=0x65003b726f737365, RSI=0x00000000064afa40, RDI=0x00000000004ad180
R8 =0x00000000064afa40, R9 =0x0000000000000001, R10=0x00007ffe6cb10000, R11=0x000000000a6be309
R12=0x0000000000000001, R13=0x0000000000000000, R14=0x0000000000000000, R15=0x0000000000000000
RIP=0x000000006d9fae7b, EFLAGS=0x0000000000010206

Top of Stack: (sp=0x00000000064af960)
0x00000000064af960:   0000000000000000 000000006d4e54d3
0x00000000064af970:   00000000064afb70 000000006dbbb685
0x00000000064af980:   0000000005fc5000 000000006dbda8fa
0x00000000064af990:   0000000000000000 0000000005fc5000
0x00000000064af9a0:   00000000064afa40 000000006d4e0d69
0x00000000064af9b0:   0000000005fc5000 0000000000000000
0x00000000064af9c0:   0000000000000000 0000000000000000
0x00000000064af9d0:   0000000000000001 000000006d4dff6e
0x00000000064af9e0:   00000000064afa40 000000000734d518
0x00000000064af9f0:   0000000000000001 65003b726f737365
0x00000000064afa00:   0000000000000001 65003b726f737365
0x00000000064afa10:   00000000064afb70 000000006d4c4f64
0x00000000064afa20:   00000000064afb70 a828041004000000
0x00000000064afa30:   0000000005fc28a0 0000000000000000
0x00000000064afa40:   00000004064afb00 0000000000000000
0x00000000064afa50:   0000000000000000 0000000000000000 

Instructions: (pc=0x000000006d9fae7b)
0x000000006d9fae5b:   7c 24 48 48 83 c4 28 c3 cc cc cc cc cc cc cc cc
0x000000006d9fae6b:   cc cc cc cc cc 48 53 48 83 ec 20 48 85 c9 74 55
0x000000006d9fae7b:   48 8b 19 48 85 db 74 4d 48 b8 fe fe fe fe fe fe
0x000000006d9fae8b:   fe fe 48 3b d8 74 3e 80 3d 47 fa 5e 00 00 74 16 


Register to memory mapping:

RAX=0x00000000064af901 is pointing into the stack for thread: 0x0000000005fc5000
RBX=0x0000000005fc5000 is a thread
RCX=0x65003b726f737365 is an unknown value
RDX=0x0000000005fc5000 is a thread
RSP=0x00000000064af960 is pointing into the stack for thread: 0x0000000005fc5000
RBP=0x65003b726f737365 is an unknown value
RSI=0x00000000064afa40 is pointing into the stack for thread: 0x0000000005fc5000
RDI=0x00000000004ad180 is an unknown value
R8 =0x00000000064afa40 is pointing into the stack for thread: 0x0000000005fc5000
R9 =0x0000000000000001 is an unknown value
R10=0x00007ffe6cb10000 is an unknown value
R11=0x000000000a6be309 is an unknown value
R12=0x0000000000000001 is an unknown value
R13=0x0000000000000000 is an unknown value
R14=0x0000000000000000 is an unknown value
R15=0x0000000000000000 is an unknown value


Stack: [0x00000000063b0000,0x00000000064b0000],  sp=0x00000000064af960,  free space=1022k
Native frames: (J=compiled Java code, j=interpreted, Vv=VM code, C=native code)
V  [jvm.dll+0x14ae7b]


---------------  P R O C E S S  ---------------

Java Threads: ( => current thread )
  0x0000000007675000 JavaThread "Code server for app from Mozilla/5.0 (Windows NT 6.3; WOW64; rv:26.0) Gecko/20100101 Firefox/26.0 on http://localhost:8080/apiman-ui/index.html?gwt.codesvr=127.0.0.1:9997#user-apps;user=eric @ 7gt0-,bY]?i6`F@(" daemon [_thread_blocked, id=4648, stack(0x000000000b410000,0x000000000b510000)]
  0x000000000d231800 JavaThread "pool-3-thread-4" [_thread_blocked, id=6128, stack(0x000000000b310000,0x000000000b410000)]
  0x000000000c677800 JavaThread "pool-3-thread-3" [_thread_blocked, id=4372, stack(0x000000000a150000,0x000000000a250000)]
  0x000000000c676800 JavaThread "pool-3-thread-2" [_thread_blocked, id=1260, stack(0x0000000009080000,0x0000000009180000)]
  0x00000000094f9000 JavaThread "pool-3-thread-1" [_thread_blocked, id=3024, stack(0x0000000007ab0000,0x0000000007bb0000)]
  0x0000000008130800 JavaThread "Code server for app from Mozilla/5.0 (Windows NT 6.3; WOW64; rv:26.0) Gecko/20100101 Firefox/26.0 on http://localhost:8080/apiman-ui/index.html?gwt.codesvr=127.0.0.1:9997#user-orgs;user=eric @ iT|PIn-0-]zpSiy)" daemon [_thread_in_native, id=5528, stack(0x00000000078b0000,0x00000000079b0000)]
  0x00000000071c8800 JavaThread "Code server listener" daemon [_thread_in_native, id=6224, stack(0x0000000007bb0000,0x0000000007cb0000)]
  0x0000000006c8d000 JavaThread "pool-1-thread-1" [_thread_blocked, id=4032, stack(0x00000000079b0000,0x0000000007ab0000)]
  0x0000000006b82000 JavaThread "Thread-2" daemon [_thread_blocked, id=6960, stack(0x00000000077b0000,0x00000000078b0000)]
  0x0000000006b77800 JavaThread "Thread-1" [_thread_in_native, id=6192, stack(0x00000000076b0000,0x00000000077b0000)]
  0x0000000005ff2000 JavaThread "Low Memory Detector" daemon [_thread_blocked, id=5252, stack(0x00000000068b0000,0x00000000069b0000)]
  0x0000000005fe1800 JavaThread "C2 CompilerThread1" daemon [_thread_blocked, id=812, stack(0x00000000067b0000,0x00000000068b0000)]
  0x0000000005fdd800 JavaThread "C2 CompilerThread0" daemon [_thread_blocked, id=6672, stack(0x00000000066b0000,0x00000000067b0000)]
  0x0000000005fcc000 JavaThread "JDWP Command Reader" daemon [_thread_in_native, id=4924, stack(0x00000000065b0000,0x00000000066b0000)]
  0x0000000005fc8800 JavaThread "JDWP Event Helper Thread" daemon [_thread_blocked, id=5312, stack(0x00000000064b0000,0x00000000065b0000)]
=>0x0000000005fc5000 JavaThread "JDWP Transport Listener: dt_socket" daemon [_thread_in_vm, id=2716, stack(0x00000000063b0000,0x00000000064b0000)]
  0x0000000005fb2800 JavaThread "Attach Listener" daemon [_thread_blocked, id=4048, stack(0x00000000062b0000,0x00000000063b0000)]
  0x00000000020ac800 JavaThread "Signal Dispatcher" daemon [_thread_blocked, id=2364, stack(0x00000000061b0000,0x00000000062b0000)]
  0x000000000207a000 JavaThread "Finalizer" daemon [_thread_blocked, id=3416, stack(0x0000000005eb0000,0x0000000005fb0000)]
  0x0000000002071000 JavaThread "Reference Handler" daemon [_thread_blocked, id=6484, stack(0x0000000005db0000,0x0000000005eb0000)]
  0x0000000001fb3800 JavaThread "main" [_thread_blocked, id=3156, stack(0x0000000001eb0000,0x0000000001fb0000)]

Other Threads:
  0x000000000206b000 VMThread [stack: 0x0000000005cb0000,0x0000000005db0000] [id=6112]
  0x0000000006032800 WatcherThread [stack: 0x00000000069b0000,0x0000000006ab0000] [id=2936]

VM state:not at safepoint (normal execution)

VM Mutex/Monitor currently owned by a thread: None

Heap
 PSYoungGen      total 116480K, used 47148K [0x00000000f5560000, 0x0000000100000000, 0x0000000100000000)
  eden space 58240K, 79% used [0x00000000f5560000,0x00000000f8297300,0x00000000f8e40000)
  from space 58240K, 1% used [0x00000000fc720000,0x00000000fc7f4010,0x0000000100000000)
  to   space 58240K, 0% used [0x00000000f8e40000,0x00000000f8e40000,0x00000000fc720000)
 PSOldGen        total 320320K, used 232902K [0x00000000e0000000, 0x00000000f38d0000, 0x00000000f5560000)
  object space 320320K, 72% used [0x00000000e0000000,0x00000000ee3718a0,0x00000000f38d0000)
 PSPermGen       total 58176K, used 48665K [0x00000000dae00000, 0x00000000de6d0000, 0x00000000e0000000)
  object space 58176K, 83% used [0x00000000dae00000,0x00000000ddd86568,0x00000000de6d0000)

Code Cache  [0x00000000020b0000, 0x0000000002b90000, 0x00000000050b0000)
 total_blobs=2705 nmethods=2378 adapters=284 free_code_cache=39138880 largest_free_block=51392

Dynamic libraries:
0x0000000000400000 - 0x000000000042f000 	C:\RedHat\jdk1.6.0_33\bin\javaw.exe
0x00007ffe6cb10000 - 0x00007ffe6ccb9000 	C:\Windows\SYSTEM32\ntdll.dll
0x00007ffe6c800000 - 0x00007ffe6c939000 	C:\Windows\system32\KERNEL32.DLL
0x00007ffe6a240000 - 0x00007ffe6a34f000 	C:\Windows\system32\KERNELBASE.dll
0x00007ffe68ac0000 - 0x00007ffe68b4b000 	C:\Windows\system32\apphelp.dll
0x00007ffe61920000 - 0x00007ffe6196f000 	C:\Windows\AppPatch\AppPatch64\AcGenral.DLL
0x00007ffe6c4d0000 - 0x00007ffe6c577000 	C:\Windows\system32\msvcrt.dll
0x00007ffe69cd0000 - 0x00007ffe69cfb000 	C:\Windows\SYSTEM32\SspiCli.dll
0x00007ffe6c950000 - 0x00007ffe6c9a1000 	C:\Windows\system32\SHLWAPI.dll
0x00007ffe6a770000 - 0x00007ffe6a8e1000 	C:\Windows\system32\USER32.dll
0x00007ffe6a5a0000 - 0x00007ffe6a716000 	C:\Windows\system32\ole32.dll
0x00007ffe6a8f0000 - 0x00007ffe6bd00000 	C:\Windows\system32\SHELL32.dll
0x00007ffe69500000 - 0x00007ffe6951f000 	C:\Windows\SYSTEM32\USERENV.dll
0x00007ffe6bd00000 - 0x00007ffe6bda5000 	C:\Windows\system32\ADVAPI32.dll
0x00007ffe5e500000 - 0x00007ffe5e51b000 	C:\Windows\SYSTEM32\MPR.dll
0x00007ffe6be50000 - 0x00007ffe6bf86000 	C:\Windows\system32\RPCRT4.dll
0x00007ffe6c580000 - 0x00007ffe6c5d7000 	C:\Windows\SYSTEM32\sechost.dll
0x00007ffe6c2f0000 - 0x00007ffe6c4c7000 	C:\Windows\SYSTEM32\combase.dll
0x00007ffe6c9b0000 - 0x00007ffe6caf5000 	C:\Windows\system32\GDI32.dll
0x00007ffe69e90000 - 0x00007ffe69ea4000 	C:\Windows\SYSTEM32\profapi.dll
0x00007ffe689f0000 - 0x00007ffe68a91000 	C:\Windows\SYSTEM32\SHCORE.dll
0x00007ffe6a730000 - 0x00007ffe6a764000 	C:\Windows\system32\IMM32.DLL
0x00007ffe6a460000 - 0x00007ffe6a598000 	C:\Windows\system32\MSCTF.dll
0x000000006d8b0000 - 0x000000006e068000 	C:\RedHat\jdk1.6.0_33\jre\bin\server\jvm.dll
0x00007ffe676a0000 - 0x00007ffe676bf000 	C:\Windows\SYSTEM32\WINMM.dll
0x00007ffe67620000 - 0x00007ffe6764a000 	C:\Windows\SYSTEM32\WINMMBASE.dll
0x00007ffe6a350000 - 0x00007ffe6a39a000 	C:\Windows\SYSTEM32\cfgmgr32.dll
0x00007ffe68d20000 - 0x00007ffe68d46000 	C:\Windows\SYSTEM32\DEVOBJ.dll
0x000000006d820000 - 0x000000006d82e000 	C:\RedHat\jdk1.6.0_33\jre\bin\verify.dll
0x000000006d450000 - 0x000000006d477000 	C:\RedHat\jdk1.6.0_33\jre\bin\java.dll
0x000000006d4c0000 - 0x000000006d4f4000 	C:\RedHat\jdk1.6.0_33\jre\bin\jdwp.dll
0x000000006d6e0000 - 0x000000006d6e8000 	C:\RedHat\jdk1.6.0_33\jre\bin\npt.dll
0x000000006d870000 - 0x000000006d882000 	C:\RedHat\jdk1.6.0_33\jre\bin\zip.dll
0x000000006d310000 - 0x000000006d319000 	C:\RedHat\jdk1.6.0_33\jre\bin\dt_socket.dll
0x00007ffe6c7a0000 - 0x00007ffe6c7f8000 	C:\Windows\system32\WS2_32.dll
0x00007ffe6c100000 - 0x00007ffe6c109000 	C:\Windows\system32\NSI.dll
0x00007ffe5f470000 - 0x00007ffe5f484000 	C:\Windows\system32\napinsp.dll
0x00007ffe5f490000 - 0x00007ffe5f4a9000 	C:\Windows\system32\pnrpnsp.dll
0x00007ffe64ef0000 - 0x00007ffe64f09000 	C:\Windows\system32\NLAapi.dll
0x00007ffe69750000 - 0x00007ffe697a8000 	C:\Windows\System32\mswsock.dll
0x00007ffe69560000 - 0x00007ffe69603000 	C:\Windows\SYSTEM32\DNSAPI.dll
0x00007ffe60ba0000 - 0x00007ffe60bac000 	C:\Windows\System32\winrnr.dll
0x00007ffe63780000 - 0x00007ffe637e7000 	C:\Windows\System32\fwpuclnt.dll
0x00007ffe61f70000 - 0x00007ffe61f79000 	C:\Windows\System32\rasadhlp.dll
0x000000006d6b0000 - 0x000000006d6c7000 	C:\RedHat\jdk1.6.0_33\jre\bin\net.dll
0x00007ffe697b0000 - 0x00007ffe697ce000 	C:\Windows\SYSTEM32\CRYPTSP.dll
0x00007ffe693f0000 - 0x00007ffe69425000 	C:\Windows\system32\rsaenh.dll
0x00007ffe699e0000 - 0x00007ffe69a06000 	C:\Windows\SYSTEM32\bcrypt.dll
0x00007ffe69d00000 - 0x00007ffe69d5e000 	C:\Windows\system32\bcryptprimitives.dll
0x00007ffe69d60000 - 0x00007ffe69d6a000 	C:\Windows\SYSTEM32\CRYPTBASE.dll
0x00007ffe639b0000 - 0x00007ffe639d9000 	C:\Windows\SYSTEM32\IPHLPAPI.DLL
0x00007ffe63970000 - 0x00007ffe6397a000 	C:\Windows\SYSTEM32\WINNSI.DLL
0x00007ffe6c940000 - 0x00007ffe6c947000 	C:\Windows\system32\PSAPI.DLL

VM Arguments:
jvm_args: -agentlib:jdwp=transport=dt_socket,suspend=y,address=localhost:60134 -Xmx512m -Dfile.encoding=UTF-8 
java_command: com.google.gwt.dev.DevMode -remoteUI 52350:489253676991077 -startupUrl http://localhost:8080/apiman-ui/index.html -logLevel INFO -noserver -codeServerPort 9997 -war C:\Users\ewittman\git\apiman\apiman-dt\apiman-dt-ui\apiman-dt-ui-war\src\main\webapp org.overlord.apiman.dt.ui.App
Launcher Type: SUN_STANDARD

Environment Variables:
JAVA_HOME=C:\RedHat\jdk7_51
PATH=C:\RedHat\jdk1.6.0_33\jre\bin;C:\Windows\system32;C:\Windows;C:\Windows\System32\Wbem;C:\Windows\System32\WindowsPowerShell\v1.0\;C:\RedHat\jdk7_51\bin;C:\RedHat\apache-ant-1.8.4\bin;C:\RedHat\apache-maven-3.0.4\bin
USERNAME=ewittman
OS=Windows_NT
PROCESSOR_IDENTIFIER=Intel64 Family 6 Model 45 Stepping 7, GenuineIntel



---------------  S Y S T E M  ---------------

OS: Windows NT 6.2 Build 9200 

CPU:total 4 (4 cores per cpu, 1 threads per core) family 6 model 45 stepping 7, cmov, cx8, fxsr, mmx, sse, sse2, sse3, ssse3, sse4.1, sse4.2, popcnt

Memory: 4k page, physical 16727240k(11845352k free), swap 19217608k(12504852k free)

vm_info: Java HotSpot(TM) 64-Bit Server VM (20.8-b03) for windows-amd64 JRE (1.6.0_33-b05), built on Jun 28 2012 18:45:32 by "java_re" with MS VC++ 8.0 (VS2005)

time: Mon Feb 17 08:46:41 2014
elapsed time: 303 seconds

